Started at Mon Sep 23 13:58:21 UTC 2024
Processing newjob1
Offering newjob1 to Project Build Discarder
Processing newjob2
Offering newjob2 to Project Build Discarder
Processing pipeline-assign
Offering pipeline-assign to Project Build Discarder
Processing pipeline1
Offering pipeline1 to Project Build Discarder
Processing pipeline2
Offering pipeline2 to Project Build Discarder
Processing project to deploy
Offering project to deploy to Project Build Discarder
Processing project-1
Offering project-1 to Project Build Discarder
Processing project2
Offering project2 to Project Build Discarder
Finished at Mon Sep 23 13:58:21 UTC 2024. 11ms
Started at Mon Sep 23 14:58:21 UTC 2024
Processing newjob1
Offering newjob1 to Project Build Discarder
Processing newjob2
Offering newjob2 to Project Build Discarder
Processing pipeline-assign
Offering pipeline-assign to Project Build Discarder
Processing pipeline1
Offering pipeline1 to Project Build Discarder
Processing pipeline2
Offering pipeline2 to Project Build Discarder
Processing project to deploy
Offering project to deploy to Project Build Discarder
Processing project-1
Offering project-1 to Project Build Discarder
Processing project2
Offering project2 to Project Build Discarder
Finished at Mon Sep 23 14:58:21 UTC 2024. 1ms
